Using pre-set license
Built from '2021.2/staging' branch; Version is '2021.2.7f1 (6bd9e232123f) revision 7068130'; Using compiler version '192829333'; Build Type 'Release'
OS: 'Windows 10  (10.0.19044) 64bit Professional' Language: 'en' Physical Memory: 16315 MB
BatchMode: 1, IsHumanControllingUs: 0, StartBugReporterOnCrash: 0, Is64bit: 1, IsPro: 0

COMMAND LINE ARGUMENTS:
C:\Program Files\Unity 2021.2.7f1\Editor\Unity.exe
-adb2
-batchMode
-noUpm
-name
AssetImportWorker0
-projectPath
C:/Users/marek/Documents/GitHub/SubwaySurfers/Subway Surfers
-logFile
Logs/AssetImportWorker0.log
-srvPort
56974
Successfully changed project path to: C:/Users/marek/Documents/GitHub/SubwaySurfers/Subway Surfers
C:/Users/marek/Documents/GitHub/SubwaySurfers/Subway Surfers
[UnityMemory] Configuration Parameters - Can be set up in boot.config
    "memorysetup-bucket-allocator-granularity=16"
    "memorysetup-bucket-allocator-bucket-count=8"
    "memorysetup-bucket-allocator-block-size=33554432"
    "memorysetup-bucket-allocator-block-count=8"
    "memorysetup-main-allocator-block-size=16777216"
    "memorysetup-thread-allocator-block-size=16777216"
    "memorysetup-gfx-main-allocator-block-size=16777216"
    "memorysetup-gfx-thread-allocator-block-size=16777216"
    "memorysetup-cache-allocator-block-size=4194304"
    "memorysetup-typetree-allocator-block-size=2097152"
    "memorysetup-profiler-bucket-allocator-granularity=16"
    "memorysetup-profiler-bucket-allocator-bucket-count=8"
    "memorysetup-profiler-bucket-allocator-block-size=33554432"
    "memorysetup-profiler-bucket-allocator-block-count=8"
    "memorysetup-profiler-allocator-block-size=16777216"
    "memorysetup-profiler-editor-allocator-block-size=1048576"
    "memorysetup-temp-allocator-size-main=16777216"
    "memorysetup-job-temp-allocator-block-size=2097152"
    "memorysetup-job-temp-allocator-block-size-background=1048576"
    "memorysetup-job-temp-allocator-reduction-small-platforms=262144"
    "memorysetup-temp-allocator-size-background-worker=32768"
    "memorysetup-temp-allocator-size-job-worker=262144"
    "memorysetup-temp-allocator-size-preload-manager=33554432"
    "memorysetup-temp-allocator-size-nav-mesh-worker=65536"
    "memorysetup-temp-allocator-size-audio-worker=65536"
    "memorysetup-temp-allocator-size-cloud-worker=32768"
    "memorysetup-temp-allocator-size-gi-baking-worker=262144"
    "memorysetup-temp-allocator-size-gfx=262144"
Refreshing native plugins compatible for Editor in 117.18 ms, found 3 plugins.
Preloading 0 native plugins for Editor in 0.00 ms.
Initialize engine version: 2021.2.7f1 (6bd9e232123f)
[Subsystems] Discovering subsystems at path C:/Program Files/Unity 2021.2.7f1/Editor/Data/Resources/UnitySubsystems
[Subsystems] Discovering subsystems at path C:/Users/marek/Documents/GitHub/SubwaySurfers/Subway Surfers/Assets
GfxDevice: creating device client; threaded=0; jobified=0
Direct3D:
    Version:  Direct3D 11.0 [level 11.1]
    Renderer: NVIDIA GeForce RTX 2060 (ID=0x1f08)
    Vendor:   NVIDIA
    VRAM:     5980 MB
    Driver:   30.0.15.1215
Initialize mono
Mono path[0] = 'C:/Program Files/Unity 2021.2.7f1/Editor/Data/Managed'
Mono path[1] = 'C:/Program Files/Unity 2021.2.7f1/Editor/Data/MonoBleedingEdge/lib/mono/unityjit-win32'
Mono config path = 'C:/Program Files/Unity 2021.2.7f1/Editor/Data/MonoBleedingEdge/etc'
Using monoOptions --debugger-agent=transport=dt_socket,embedding=1,server=y,suspend=n,address=127.0.0.1:56784
Begin MonoManager ReloadAssembly
Registering precompiled unity dll's ...
Register platform support module: C:/Program Files/Unity 2021.2.7f1/Editor/Data/PlaybackEngines/WindowsStandaloneSupport/UnityEditor.WindowsStandalone.Extensions.dll
Registered in 0.012749 seconds.
Native extension for WindowsStandalone target not found
Refreshing native plugins compatible for Editor in 127.58 ms, found 3 plugins.
Preloading 0 native plugins for Editor in 0.00 ms.
Mono: successfully reloaded assembly
- Completed reload, in  0.841 seconds
Domain Reload Profiling:
	ReloadAssembly (842ms)
		BeginReloadAssembly (101ms)
			ExecutionOrderSort (0ms)
			DisableScriptedObjects (0ms)
			BackupInstance (0ms)
			ReleaseScriptingObjects (0ms)
			CreateAndSetChildDomain (1ms)
		EndReloadAssembly (605ms)
			LoadAssemblies (97ms)
			RebuildTransferFunctionScriptingTraits (0ms)
			SetupTypeCache (128ms)
			ReleaseScriptCaches (0ms)
			RebuildScriptCaches (32ms)
			SetupLoadedEditorAssemblies (380ms)
				LogAssemblyErrors (0ms)
				InitializePlatformSupportModulesInManaged (20ms)
				SetLoadedEditorAssemblies (0ms)
				RefreshPlugins (128ms)
				BeforeProcessingInitializeOnLoad (1ms)
				ProcessInitializeOnLoadAttributes (169ms)
				ProcessInitializeOnLoadMethodAttributes (62ms)
				AfterProcessingInitializeOnLoad (0ms)
				EditorAssembliesLoaded (0ms)
			ExecutionOrderSort2 (0ms)
			AwakeInstancesAfterBackupRestoration (0ms)
Platform modules already initialized, skipping
Registering precompiled user dll's ...
Registered in 0.008512 seconds.
Begin MonoManager ReloadAssembly
Symbol file LoadedFromMemory doesn't match image C:\Users\marek\Documents\GitHub\SubwaySurfers\Subway Surfers\Library\PackageCache\com.unity.visualscripting@1.7.6\Editor\VisualScripting.Core\Dependencies\YamlDotNet\Unity.VisualScripting.YamlDotNet.dll
Symbol file LoadedFromMemory doesn't match image C:\Users\marek\Documents\GitHub\SubwaySurfers\Subway Surfers\Library\PackageCache\com.unity.visualscripting@1.7.6\Editor\VisualScripting.Core\Dependencies\DotNetZip\Unity.VisualScripting.IonicZip.dll
Native extension for WindowsStandalone target not found
Refreshing native plugins compatible for Editor in 1.33 ms, found 3 plugins.
Preloading 0 native plugins for Editor in 0.00 ms.
Mono: successfully reloaded assembly
- Completed reload, in  1.756 seconds
Domain Reload Profiling:
	ReloadAssembly (1757ms)
		BeginReloadAssembly (154ms)
			ExecutionOrderSort (0ms)
			DisableScriptedObjects (8ms)
			BackupInstance (0ms)
			ReleaseScriptingObjects (0ms)
			CreateAndSetChildDomain (25ms)
		EndReloadAssembly (1458ms)
			LoadAssemblies (99ms)
			RebuildTransferFunctionScriptingTraits (0ms)
			SetupTypeCache (407ms)
			ReleaseScriptCaches (1ms)
			RebuildScriptCaches (75ms)
			SetupLoadedEditorAssemblies (751ms)
				LogAssemblyErrors (0ms)
				InitializePlatformSupportModulesInManaged (29ms)
				SetLoadedEditorAssemblies (0ms)
				RefreshPlugins (1ms)
				BeforeProcessingInitializeOnLoad (125ms)
				ProcessInitializeOnLoadAttributes (466ms)
				ProcessInitializeOnLoadMethodAttributes (61ms)
				AfterProcessingInitializeOnLoad (67ms)
				EditorAssembliesLoaded (0ms)
			ExecutionOrderSort2 (0ms)
			AwakeInstancesAfterBackupRestoration (30ms)
Platform modules already initialized, skipping
========================================================================
Worker process is ready to serve import requests
Launched and connected shader compiler UnityShaderCompiler.exe after 0.17 seconds
Refreshing native plugins compatible for Editor in 1.49 ms, found 3 plugins.
Preloading 0 native plugins for Editor in 0.00 ms.
Unloading 3283 Unused Serialized files (Serialized files now loaded: 0)
Unloading 28 unused Assets / (112.6 KB). Loaded Objects now: 3746.
Memory consumption went from 118.5 MB to 118.4 MB.
Total: 5.989700 ms (FindLiveObjects: 0.403900 ms CreateObjectMapping: 0.371600 ms MarkObjects: 5.007900 ms  DeleteObjects: 0.204600 ms)

AssetImportParameters requested are different than current active one (requested -> active):
  custom:video-decoder-ogg-theora: a1e56fd34408186e4bbccfd4996cb3dc -> 
  custom:container-muxer-webm: aa71ff27fc2769a1b78a27578f13a17b -> 
  custom:container-demuxer-webm: 4f35f7cbe854078d1ac9338744f61a02 -> 
  custom:video-encoder-webm-vp8: eb34c28f22e8b96e1ab97ce403110664 -> 
  custom:audio-encoder-webm-vorbis: bf7c407c2cedff20999df2af8eb42d56 -> 
  custom:framework-win-MediaFoundation: 216162199b28c13a410421893ffa2e32 -> 
  custom:container-demuxer-ogg: 62fdf1f143b41e24485cea50d1cbac27 -> 
  custom:video-decoder-webm-vp8: 9c59270c3fd7afecdb556c50c9e8de78 -> 
  custom:audio-decoder-ogg-vorbis: bf7c407c2cedff20999df2af8eb42d56 -> 
========================================================================
Received Import Request.
  Time since last request: 175763.687509 seconds.
  path: Assets/Resources/Source/ResourcesGame/Models/Characters/Max/Materials/Max,Head, texture.mat
  artifactKey: Guid(38b9406eabf4e4f47a3c4866c1f16a3f) Importer(815301076,1909f56bfc062723c751e8b465ee728b)
Start importing Assets/Resources/Source/ResourcesGame/Models/Characters/Max/Materials/Max,Head, texture.mat using Guid(38b9406eabf4e4f47a3c4866c1f16a3f) Importer(815301076,1909f56bfc062723c751e8b465ee728b)  -> (artifact id: '9c216cc94106937936dd708a9eaefd7d') in 0.606247 seconds 
========================================================================
Received Import Request.
  Time since last request: 0.000032 seconds.
  path: Assets/Resources/Source/ResourcesGame/Models/Characters/Max/Materials/Max,eye.mat
  artifactKey: Guid(cfc3ed37eba5ff74289fdd292a13d404) Importer(815301076,1909f56bfc062723c751e8b465ee728b)
Start importing Assets/Resources/Source/ResourcesGame/Models/Characters/Max/Materials/Max,eye.mat using Guid(cfc3ed37eba5ff74289fdd292a13d404) Importer(815301076,1909f56bfc062723c751e8b465ee728b)  -> (artifact id: '4c143b7f05273b7bd619e887f9607b31') in 0.017222 seconds 
========================================================================
Received Import Request.
  Time since last request: 0.000031 seconds.
  path: Assets/Resources/Source/ResourcesGame/Models/Characters/RockStar/RockStarArristed.FBX
  artifactKey: Guid(6793d92724c1f3a4da5c4b376d0efe26) Importer(815301076,1909f56bfc062723c751e8b465ee728b)
Start importing Assets/Resources/Source/ResourcesGame/Models/Characters/RockStar/RockStarArristed.FBX using Guid(6793d92724c1f3a4da5c4b376d0efe26) Importer(815301076,1909f56bfc062723c751e8b465ee728b)  -> (artifact id: 'e7f70efadbb42d4469462c839c3f389f') in 0.322984 seconds 
========================================================================
Received Import Request.
  Time since last request: 0.000048 seconds.
  path: Assets/Resources/Source/ResourcesGame/Models/Characters/Textures/Max/MaxEye.tif
  artifactKey: Guid(1edb6f16088807b4c845369191012b4a) Importer(815301076,1909f56bfc062723c751e8b465ee728b)
Start importing Assets/Resources/Source/ResourcesGame/Models/Characters/Textures/Max/MaxEye.tif using Guid(1edb6f16088807b4c845369191012b4a) Importer(815301076,1909f56bfc062723c751e8b465ee728b)  -> (artifact id: '8451179f902998e1615444d63bc18bc9') in 0.039747 seconds 
========================================================================
Received Import Request.
  Time since last request: 0.000042 seconds.
  path: Assets/Resources/Source/ResourcesGame/Models/Characters/Textures/Max/MaxHead.tif
  artifactKey: Guid(e3f49c5bcb6f03b4a81085eeabdfe948) Importer(815301076,1909f56bfc062723c751e8b465ee728b)
Start importing Assets/Resources/Source/ResourcesGame/Models/Characters/Textures/Max/MaxHead.tif using Guid(e3f49c5bcb6f03b4a81085eeabdfe948) Importer(815301076,1909f56bfc062723c751e8b465ee728b)  -> (artifact id: '7af51dda1552e8399426eae24bdebd93') in 0.026699 seconds 
========================================================================
Received Import Request.
  Time since last request: 0.000027 seconds.
  path: Assets/Resources/Source/ResourcesGame/Models/Characters/Max/Materials/Max,body texture.mat
  artifactKey: Guid(1ffa9fe8e01562343a0fa85b877f9bbf) Importer(815301076,1909f56bfc062723c751e8b465ee728b)
Start importing Assets/Resources/Source/ResourcesGame/Models/Characters/Max/Materials/Max,body texture.mat using Guid(1ffa9fe8e01562343a0fa85b877f9bbf) Importer(815301076,1909f56bfc062723c751e8b465ee728b)  -> (artifact id: '0bc63f4b9b3865b30afc4ca10a28e121') in 0.026457 seconds 
========================================================================
Received Import Request.
  Time since last request: 0.000036 seconds.
  path: Assets/Resources/Source/ResourcesGame/Models/Characters/Runubos/Materials/Max,eye.mat
  artifactKey: Guid(cb40a680492eafa4896f2999e09ab048) Importer(815301076,1909f56bfc062723c751e8b465ee728b)
Start importing Assets/Resources/Source/ResourcesGame/Models/Characters/Runubos/Materials/Max,eye.mat using Guid(cb40a680492eafa4896f2999e09ab048) Importer(815301076,1909f56bfc062723c751e8b465ee728b)  -> (artifact id: '811a24d927d53f122d13abd8e07e6da5') in 0.034564 seconds 
========================================================================
Received Import Request.
  Time since last request: 0.000023 seconds.
  path: Assets/Resources/Source/ResourcesGame/Models/Characters/Stela/StelaIdle.FBX
  artifactKey: Guid(574b60e5dc7fc0b44b4b7f1e54329d45) Importer(815301076,1909f56bfc062723c751e8b465ee728b)
Start importing Assets/Resources/Source/ResourcesGame/Models/Characters/Stela/StelaIdle.FBX using Guid(574b60e5dc7fc0b44b4b7f1e54329d45) Importer(815301076,1909f56bfc062723c751e8b465ee728b)  -> (artifact id: '494d883a3b791d97bc8d51cfd5368c02') in 0.180377 seconds 
========================================================================
Received Import Request.
  Time since last request: 0.000034 seconds.
  path: Assets/Resources/Source/ResourcesGame/Models/Characters/Textures/Max/MaxBody.tif
  artifactKey: Guid(cc9afc8d27cafa742b5a1efa68690ecb) Importer(815301076,1909f56bfc062723c751e8b465ee728b)
Start importing Assets/Resources/Source/ResourcesGame/Models/Characters/Textures/Max/MaxBody.tif using Guid(cc9afc8d27cafa742b5a1efa68690ecb) Importer(815301076,1909f56bfc062723c751e8b465ee728b)  -> (artifact id: 'e825be223e515361a66a2293476470a4') in 0.020923 seconds 
Editor requested this worker to shutdown with reason: Scaling down because of idle timeout
AssetImportWorker is now disconnected from the server
Process exiting
Exiting without the bug reporter. Application will terminate with return code 0