Using pre-set license
Built from '2021.2/staging' branch; Version is '2021.2.7f1 (6bd9e232123f) revision 7068130'; Using compiler version '192829333'; Build Type 'Release'
OS: 'Windows 10  (10.0.19044) 64bit Professional' Language: 'en' Physical Memory: 16315 MB
BatchMode: 1, IsHumanControllingUs: 0, StartBugReporterOnCrash: 0, Is64bit: 1, IsPro: 0

COMMAND LINE ARGUMENTS:
C:\Program Files\Unity 2021.2.7f1\Editor\Unity.exe
-adb2
-batchMode
-noUpm
-name
AssetImportWorker5
-projectPath
C:/Users/marek/Documents/GitHub/SubwaySurfers/Subway Surfers
-logFile
Logs/AssetImportWorker5.log
-srvPort
62391
Successfully changed project path to: C:/Users/marek/Documents/GitHub/SubwaySurfers/Subway Surfers
C:/Users/marek/Documents/GitHub/SubwaySurfers/Subway Surfers
[UnityMemory] Configuration Parameters - Can be set up in boot.config
    "memorysetup-bucket-allocator-granularity=16"
    "memorysetup-bucket-allocator-bucket-count=8"
    "memorysetup-bucket-allocator-block-size=33554432"
    "memorysetup-bucket-allocator-block-count=8"
    "memorysetup-main-allocator-block-size=16777216"
    "memorysetup-thread-allocator-block-size=16777216"
    "memorysetup-gfx-main-allocator-block-size=16777216"
    "memorysetup-gfx-thread-allocator-block-size=16777216"
    "memorysetup-cache-allocator-block-size=4194304"
    "memorysetup-typetree-allocator-block-size=2097152"
    "memorysetup-profiler-bucket-allocator-granularity=16"
    "memorysetup-profiler-bucket-allocator-bucket-count=8"
    "memorysetup-profiler-bucket-allocator-block-size=33554432"
    "memorysetup-profiler-bucket-allocator-block-count=8"
    "memorysetup-profiler-allocator-block-size=16777216"
    "memorysetup-profiler-editor-allocator-block-size=1048576"
    "memorysetup-temp-allocator-size-main=16777216"
    "memorysetup-job-temp-allocator-block-size=2097152"
    "memorysetup-job-temp-allocator-block-size-background=1048576"
    "memorysetup-job-temp-allocator-reduction-small-platforms=262144"
    "memorysetup-temp-allocator-size-background-worker=32768"
    "memorysetup-temp-allocator-size-job-worker=262144"
    "memorysetup-temp-allocator-size-preload-manager=33554432"
    "memorysetup-temp-allocator-size-nav-mesh-worker=65536"
    "memorysetup-temp-allocator-size-audio-worker=65536"
    "memorysetup-temp-allocator-size-cloud-worker=32768"
    "memorysetup-temp-allocator-size-gi-baking-worker=262144"
    "memorysetup-temp-allocator-size-gfx=262144"
Refreshing native plugins compatible for Editor in 87.06 ms, found 3 plugins.
Preloading 0 native plugins for Editor in 0.00 ms.
Initialize engine version: 2021.2.7f1 (6bd9e232123f)
[Subsystems] Discovering subsystems at path C:/Program Files/Unity 2021.2.7f1/Editor/Data/Resources/UnitySubsystems
[Subsystems] Discovering subsystems at path C:/Users/marek/Documents/GitHub/SubwaySurfers/Subway Surfers/Assets
GfxDevice: creating device client; threaded=0; jobified=0
Direct3D:
    Version:  Direct3D 11.0 [level 11.1]
    Renderer: NVIDIA GeForce RTX 2060 (ID=0x1f08)
    Vendor:   NVIDIA
    VRAM:     5980 MB
    Driver:   30.0.15.1215
Initialize mono
Mono path[0] = 'C:/Program Files/Unity 2021.2.7f1/Editor/Data/Managed'
Mono path[1] = 'C:/Program Files/Unity 2021.2.7f1/Editor/Data/MonoBleedingEdge/lib/mono/unityjit-win32'
Mono config path = 'C:/Program Files/Unity 2021.2.7f1/Editor/Data/MonoBleedingEdge/etc'
Using monoOptions --debugger-agent=transport=dt_socket,embedding=1,server=y,suspend=n,address=127.0.0.1:56744
Begin MonoManager ReloadAssembly
Registering precompiled unity dll's ...
Register platform support module: C:/Program Files/Unity 2021.2.7f1/Editor/Data/PlaybackEngines/WindowsStandaloneSupport/UnityEditor.WindowsStandalone.Extensions.dll
Registered in 0.004975 seconds.
Native extension for WindowsStandalone target not found
Refreshing native plugins compatible for Editor in 86.25 ms, found 3 plugins.
Preloading 0 native plugins for Editor in 0.00 ms.
Mono: successfully reloaded assembly
- Completed reload, in  0.596 seconds
Domain Reload Profiling:
	ReloadAssembly (596ms)
		BeginReloadAssembly (68ms)
			ExecutionOrderSort (0ms)
			DisableScriptedObjects (0ms)
			BackupInstance (0ms)
			ReleaseScriptingObjects (0ms)
			CreateAndSetChildDomain (1ms)
		EndReloadAssembly (454ms)
			LoadAssemblies (66ms)
			RebuildTransferFunctionScriptingTraits (0ms)
			SetupTypeCache (96ms)
			ReleaseScriptCaches (0ms)
			RebuildScriptCaches (27ms)
			SetupLoadedEditorAssemblies (281ms)
				LogAssemblyErrors (0ms)
				InitializePlatformSupportModulesInManaged (14ms)
				SetLoadedEditorAssemblies (0ms)
				RefreshPlugins (86ms)
				BeforeProcessingInitializeOnLoad (1ms)
				ProcessInitializeOnLoadAttributes (137ms)
				ProcessInitializeOnLoadMethodAttributes (42ms)
				AfterProcessingInitializeOnLoad (0ms)
				EditorAssembliesLoaded (0ms)
			ExecutionOrderSort2 (0ms)
			AwakeInstancesAfterBackupRestoration (0ms)
Platform modules already initialized, skipping
Registering precompiled user dll's ...
Registered in 0.005690 seconds.
Begin MonoManager ReloadAssembly
Symbol file LoadedFromMemory doesn't match image C:\Users\marek\Documents\GitHub\SubwaySurfers\Subway Surfers\Library\PackageCache\com.unity.visualscripting@1.7.6\Editor\VisualScripting.Core\Dependencies\YamlDotNet\Unity.VisualScripting.YamlDotNet.dll
Symbol file LoadedFromMemory doesn't match image C:\Users\marek\Documents\GitHub\SubwaySurfers\Subway Surfers\Library\PackageCache\com.unity.visualscripting@1.7.6\Editor\VisualScripting.Core\Dependencies\DotNetZip\Unity.VisualScripting.IonicZip.dll
Native extension for WindowsStandalone target not found
Refreshing native plugins compatible for Editor in 0.59 ms, found 3 plugins.
Preloading 0 native plugins for Editor in 0.00 ms.
Mono: successfully reloaded assembly
- Completed reload, in  0.951 seconds
Domain Reload Profiling:
	ReloadAssembly (952ms)
		BeginReloadAssembly (104ms)
			ExecutionOrderSort (0ms)
			DisableScriptedObjects (5ms)
			BackupInstance (0ms)
			ReleaseScriptingObjects (0ms)
			CreateAndSetChildDomain (18ms)
		EndReloadAssembly (755ms)
			LoadAssemblies (73ms)
			RebuildTransferFunctionScriptingTraits (0ms)
			SetupTypeCache (245ms)
			ReleaseScriptCaches (1ms)
			RebuildScriptCaches (46ms)
			SetupLoadedEditorAssemblies (355ms)
				LogAssemblyErrors (0ms)
				InitializePlatformSupportModulesInManaged (11ms)
				SetLoadedEditorAssemblies (0ms)
				RefreshPlugins (1ms)
				BeforeProcessingInitializeOnLoad (84ms)
				ProcessInitializeOnLoadAttributes (231ms)
				ProcessInitializeOnLoadMethodAttributes (21ms)
				AfterProcessingInitializeOnLoad (7ms)
				EditorAssembliesLoaded (0ms)
			ExecutionOrderSort2 (0ms)
			AwakeInstancesAfterBackupRestoration (5ms)
Platform modules already initialized, skipping
========================================================================
Worker process is ready to serve import requests
Launched and connected shader compiler UnityShaderCompiler.exe after 0.06 seconds
Refreshing native plugins compatible for Editor in 0.99 ms, found 3 plugins.
Preloading 0 native plugins for Editor in 0.00 ms.
Unloading 3265 Unused Serialized files (Serialized files now loaded: 0)
Unloading 26 unused Assets / (112.8 KB). Loaded Objects now: 3724.
Memory consumption went from 117.9 MB to 117.8 MB.
Total: 4.101400 ms (FindLiveObjects: 0.266200 ms CreateObjectMapping: 0.284000 ms MarkObjects: 3.404400 ms  DeleteObjects: 0.145600 ms)

AssetImportParameters requested are different than current active one (requested -> active):
  custom:video-decoder-ogg-theora: a1e56fd34408186e4bbccfd4996cb3dc -> 
  custom:container-muxer-webm: aa71ff27fc2769a1b78a27578f13a17b -> 
  custom:container-demuxer-webm: 4f35f7cbe854078d1ac9338744f61a02 -> 
  custom:video-encoder-webm-vp8: eb34c28f22e8b96e1ab97ce403110664 -> 
  custom:audio-encoder-webm-vorbis: bf7c407c2cedff20999df2af8eb42d56 -> 
  custom:framework-win-MediaFoundation: 216162199b28c13a410421893ffa2e32 -> 
  custom:container-demuxer-ogg: 62fdf1f143b41e24485cea50d1cbac27 -> 
  custom:video-decoder-webm-vp8: 9c59270c3fd7afecdb556c50c9e8de78 -> 
  custom:audio-decoder-ogg-vorbis: bf7c407c2cedff20999df2af8eb42d56 -> 
========================================================================
Received Prepare
Registering precompiled user dll's ...
Registered in 0.005544 seconds.
Begin MonoManager ReloadAssembly
Symbol file LoadedFromMemory doesn't match image C:\Users\marek\Documents\GitHub\SubwaySurfers\Subway Surfers\Library\PackageCache\com.unity.visualscripting@1.7.6\Editor\VisualScripting.Core\Dependencies\YamlDotNet\Unity.VisualScripting.YamlDotNet.dll
Symbol file LoadedFromMemory doesn't match image C:\Users\marek\Documents\GitHub\SubwaySurfers\Subway Surfers\Library\PackageCache\com.unity.visualscripting@1.7.6\Editor\VisualScripting.Core\Dependencies\DotNetZip\Unity.VisualScripting.IonicZip.dll
Native extension for WindowsStandalone target not found
Refreshing native plugins compatible for Editor in 0.65 ms, found 3 plugins.
Preloading 0 native plugins for Editor in 0.00 ms.
Mono: successfully reloaded assembly
- Completed reload, in  0.975 seconds
Domain Reload Profiling:
	ReloadAssembly (976ms)
		BeginReloadAssembly (135ms)
			ExecutionOrderSort (0ms)
			DisableScriptedObjects (5ms)
			BackupInstance (0ms)
			ReleaseScriptingObjects (0ms)
			CreateAndSetChildDomain (31ms)
		EndReloadAssembly (741ms)
			LoadAssemblies (74ms)
			RebuildTransferFunctionScriptingTraits (0ms)
			SetupTypeCache (266ms)
			ReleaseScriptCaches (1ms)
			RebuildScriptCaches (36ms)
			SetupLoadedEditorAssemblies (324ms)
				LogAssemblyErrors (0ms)
				InitializePlatformSupportModulesInManaged (11ms)
				SetLoadedEditorAssemblies (0ms)
				RefreshPlugins (1ms)
				BeforeProcessingInitializeOnLoad (63ms)
				ProcessInitializeOnLoadAttributes (214ms)
				ProcessInitializeOnLoadMethodAttributes (24ms)
				AfterProcessingInitializeOnLoad (11ms)
				EditorAssembliesLoaded (0ms)
			ExecutionOrderSort2 (0ms)
			AwakeInstancesAfterBackupRestoration (6ms)
Platform modules already initialized, skipping
Refreshing native plugins compatible for Editor in 0.65 ms, found 3 plugins.
Preloading 0 native plugins for Editor in 0.00 ms.
Unloading 3247 Unused Serialized files (Serialized files now loaded: 0)
Unloading 21 unused Assets / (79.7 KB). Loaded Objects now: 3726.
Memory consumption went from 116.6 MB to 116.5 MB.
Total: 2.988900 ms (FindLiveObjects: 0.279400 ms CreateObjectMapping: 0.250500 ms MarkObjects: 2.378600 ms  DeleteObjects: 0.079300 ms)

AssetImportParameters requested are different than current active one (requested -> active):
  custom:video-decoder-ogg-theora: a1e56fd34408186e4bbccfd4996cb3dc -> 
  custom:container-muxer-webm: aa71ff27fc2769a1b78a27578f13a17b -> 
  custom:container-demuxer-webm: 4f35f7cbe854078d1ac9338744f61a02 -> 
  custom:video-encoder-webm-vp8: eb34c28f22e8b96e1ab97ce403110664 -> 
  custom:audio-encoder-webm-vorbis: bf7c407c2cedff20999df2af8eb42d56 -> 
  custom:framework-win-MediaFoundation: 216162199b28c13a410421893ffa2e32 -> 
  custom:container-demuxer-ogg: 62fdf1f143b41e24485cea50d1cbac27 -> 
  custom:video-decoder-webm-vp8: 9c59270c3fd7afecdb556c50c9e8de78 -> 
  custom:audio-decoder-ogg-vorbis: bf7c407c2cedff20999df2af8eb42d56 -> 
========================================================================
Received Import Request.
  Time since last request: 87110.722022 seconds.
  path: Assets/Source/ResourcesGame/Textures/Background/Buildings/02.png
  artifactKey: Guid(001e99e6d2825e14289af8025f177569) Importer(815301076,1909f56bfc062723c751e8b465ee728b)
Start importing Assets/Source/ResourcesGame/Textures/Background/Buildings/02.png using Guid(001e99e6d2825e14289af8025f177569) Importer(815301076,1909f56bfc062723c751e8b465ee728b)  -> (artifact id: 'd7b9e6f8beb9ef1d652eafb613e60820') in 0.159447 seconds 
========================================================================
Received Import Request.
  Time since last request: 0.000026 seconds.
  path: Assets/Source/ResourcesGame/Textures/Background/Buildings/07.png
  artifactKey: Guid(40b8a1b4547f889468d8ad4c077b7ba1) Importer(815301076,1909f56bfc062723c751e8b465ee728b)
Start importing Assets/Source/ResourcesGame/Textures/Background/Buildings/07.png using Guid(40b8a1b4547f889468d8ad4c077b7ba1) Importer(815301076,1909f56bfc062723c751e8b465ee728b)  -> (artifact id: 'e7a86d53233c0c621e30e2a2dc4af26b') in 0.028437 seconds 
========================================================================
Received Import Request.
  Time since last request: 0.000025 seconds.
  path: Assets/Source/ResourcesGame/Textures/Background/Buildings/10.png
  artifactKey: Guid(8079d7d63e304bc4d810fae31e635e8f) Importer(815301076,1909f56bfc062723c751e8b465ee728b)
Start importing Assets/Source/ResourcesGame/Textures/Background/Buildings/10.png using Guid(8079d7d63e304bc4d810fae31e635e8f) Importer(815301076,1909f56bfc062723c751e8b465ee728b)  -> (artifact id: 'b1345da36e655cb03074ae2fd5377dee') in 0.019530 seconds 
========================================================================
Received Import Request.
  Time since last request: 0.000020 seconds.
  path: Assets/Source/ResourcesGame/Textures/Background/Buildings/04.png
  artifactKey: Guid(8d77a47c1f326bc4a9201275abd3dbde) Importer(815301076,1909f56bfc062723c751e8b465ee728b)
Start importing Assets/Source/ResourcesGame/Textures/Background/Buildings/04.png using Guid(8d77a47c1f326bc4a9201275abd3dbde) Importer(815301076,1909f56bfc062723c751e8b465ee728b)  -> (artifact id: '88d75809ed6214b6470a05f3f65a76e3') in 0.019912 seconds 
========================================================================
Received Import Request.
  Time since last request: 0.463011 seconds.
  path: Assets/Source/ResourcesGame/Textures/Background/Buildings/12.png
  artifactKey: Guid(6ab38ff8c562b2448b83d02da9593cca) Importer(815301076,1909f56bfc062723c751e8b465ee728b)
Start importing Assets/Source/ResourcesGame/Textures/Background/Buildings/12.png using Guid(6ab38ff8c562b2448b83d02da9593cca) Importer(815301076,1909f56bfc062723c751e8b465ee728b)  -> (artifact id: 'ca172efddcaccc59282b98202660a8bb') in 0.019523 seconds 
========================================================================
Received Import Request.
  Time since last request: 0.266725 seconds.
  path: Assets/Source/ResourcesGame/Textures/Background/Buildings/14.png
  artifactKey: Guid(c80adda0783a3c443b1e9764b45bf4f5) Importer(815301076,1909f56bfc062723c751e8b465ee728b)
Start importing Assets/Source/ResourcesGame/Textures/Background/Buildings/14.png using Guid(c80adda0783a3c443b1e9764b45bf4f5) Importer(815301076,1909f56bfc062723c751e8b465ee728b)  -> (artifact id: '44ac5f4e549a203bf43ba3114325a7e1') in 0.020625 seconds 
========================================================================
Received Import Request.
  Time since last request: 0.000015 seconds.
  path: Assets/Source/ResourcesGame/Textures/Background/Buildings/16.png
  artifactKey: Guid(2960781f147e09749a79e77d45e08778) Importer(815301076,1909f56bfc062723c751e8b465ee728b)
Start importing Assets/Source/ResourcesGame/Textures/Background/Buildings/16.png using Guid(2960781f147e09749a79e77d45e08778) Importer(815301076,1909f56bfc062723c751e8b465ee728b)  -> (artifact id: '8628de76e32ffd427e432e8459941676') in 0.019223 seconds 
========================================================================
Received Import Request.
  Time since last request: 0.024133 seconds.
  path: Assets/Source/ResourcesGame/Textures/Background/Buildings/18.png
  artifactKey: Guid(2c3f876e0db75c644ba325e9636f38e6) Importer(815301076,1909f56bfc062723c751e8b465ee728b)
Start importing Assets/Source/ResourcesGame/Textures/Background/Buildings/18.png using Guid(2c3f876e0db75c644ba325e9636f38e6) Importer(815301076,1909f56bfc062723c751e8b465ee728b)  -> (artifact id: 'ba454e56acf4e499db4307b0d051dfc4') in 0.018445 seconds 
========================================================================
Received Import Request.
  Time since last request: 0.000015 seconds.
  path: Assets/Source/ResourcesGame/Textures/Background/Buildings/20.png
  artifactKey: Guid(2a63d622d5f3e7f46868c5792cfbca41) Importer(815301076,1909f56bfc062723c751e8b465ee728b)
Start importing Assets/Source/ResourcesGame/Textures/Background/Buildings/20.png using Guid(2a63d622d5f3e7f46868c5792cfbca41) Importer(815301076,1909f56bfc062723c751e8b465ee728b)  -> (artifact id: 'cf848817230b9f654638b41ef5c9ec97') in 0.020999 seconds 
========================================================================
Received Import Request.
  Time since last request: 0.221861 seconds.
  path: Assets/Source/ResourcesGame/Textures/Background/Buildings/22.png
  artifactKey: Guid(0544c927f5620c547850a2d76cecac78) Importer(815301076,1909f56bfc062723c751e8b465ee728b)
Start importing Assets/Source/ResourcesGame/Textures/Background/Buildings/22.png using Guid(0544c927f5620c547850a2d76cecac78) Importer(815301076,1909f56bfc062723c751e8b465ee728b)  -> (artifact id: 'b7f90b28193f50b5458ad1dcb57476ad') in 0.018776 seconds 
========================================================================
Received Import Request.
  Time since last request: 0.000019 seconds.
  path: Assets/Source/ResourcesGame/Textures/Background/Buildings/23.png
  artifactKey: Guid(eab4157ca9ae4c048bab2370f9f74970) Importer(815301076,1909f56bfc062723c751e8b465ee728b)
Start importing Assets/Source/ResourcesGame/Textures/Background/Buildings/23.png using Guid(eab4157ca9ae4c048bab2370f9f74970) Importer(815301076,1909f56bfc062723c751e8b465ee728b)  -> (artifact id: '63a602e3ba604005d3727ad62ba05ded') in 0.021597 seconds 
========================================================================
Received Import Request.
  Time since last request: 0.000016 seconds.
  path: Assets/Source/ResourcesGame/Textures/Icons/ArrowGuide.png
  artifactKey: Guid(b3fe0a54447a55c4c8793b9ec01a0049) Importer(815301076,1909f56bfc062723c751e8b465ee728b)
Start importing Assets/Source/ResourcesGame/Textures/Icons/ArrowGuide.png using Guid(b3fe0a54447a55c4c8793b9ec01a0049) Importer(815301076,1909f56bfc062723c751e8b465ee728b)  -> (artifact id: '6ff75cc70a0c5332240bc1eb08e9f857') in 0.019459 seconds 
========================================================================
Received Import Request.
  Time since last request: 0.000016 seconds.
  path: Assets/Source/ResourcesGame/Textures/Background/BGArrowMissions.png
  artifactKey: Guid(c2cea9f2a01f0f44d89bc5fd4b90b5b7) Importer(815301076,1909f56bfc062723c751e8b465ee728b)
Start importing Assets/Source/ResourcesGame/Textures/Background/BGArrowMissions.png using Guid(c2cea9f2a01f0f44d89bc5fd4b90b5b7) Importer(815301076,1909f56bfc062723c751e8b465ee728b)  -> (artifact id: 'ec44c152024dcafc22fe6cf6b1df045b') in 0.020441 seconds 
========================================================================
Received Import Request.
  Time since last request: 0.185563 seconds.
  path: Assets/Source/ResourcesGame/Textures/Background/BGBoxBasic.png
  artifactKey: Guid(4a18dd41e13d7cd40bfed7268660e2ef) Importer(815301076,1909f56bfc062723c751e8b465ee728b)
Start importing Assets/Source/ResourcesGame/Textures/Background/BGBoxBasic.png using Guid(4a18dd41e13d7cd40bfed7268660e2ef) Importer(815301076,1909f56bfc062723c751e8b465ee728b)  -> (artifact id: '336d8064705df8d8275ef5e8d5c61ddb') in 0.030190 seconds 
========================================================================
Received Import Request.
  Time since last request: 0.000024 seconds.
  path: Assets/Source/ResourcesGame/Textures/Background/BGButtonBasicA.png
  artifactKey: Guid(058eb500072607d47a2ed8b9effb44ad) Importer(815301076,1909f56bfc062723c751e8b465ee728b)
Start importing Assets/Source/ResourcesGame/Textures/Background/BGButtonBasicA.png using Guid(058eb500072607d47a2ed8b9effb44ad) Importer(815301076,1909f56bfc062723c751e8b465ee728b)  -> (artifact id: '0c47cd5bff4902e4cba58019e97e7fbd') in 0.022094 seconds 
========================================================================
Received Import Request.
  Time since last request: 0.003810 seconds.
  path: Assets/Source/ResourcesGame/Textures/Background/BGButtonCircleA.png
  artifactKey: Guid(31483ad3c43ad6543b767b6fd1b6b6b6) Importer(815301076,1909f56bfc062723c751e8b465ee728b)
Start importing Assets/Source/ResourcesGame/Textures/Background/BGButtonCircleA.png using Guid(31483ad3c43ad6543b767b6fd1b6b6b6) Importer(815301076,1909f56bfc062723c751e8b465ee728b)  -> (artifact id: '0f6a6eb41340a1d479e3267e7df728f3') in 0.020338 seconds 
========================================================================
Received Import Request.
  Time since last request: 2.512284 seconds.
  path: Assets/Source/ResourcesGame/Textures/Background/BGBuySkis.png
  artifactKey: Guid(744a443cb156ca546bdf1e4a6cabfb4f) Importer(815301076,1909f56bfc062723c751e8b465ee728b)
Start importing Assets/Source/ResourcesGame/Textures/Background/BGBuySkis.png using Guid(744a443cb156ca546bdf1e4a6cabfb4f) Importer(815301076,1909f56bfc062723c751e8b465ee728b)  -> (artifact id: '943f8ca5d22d3fab74925362f66aa281') in 0.030711 seconds 
========================================================================
Received Import Request.
  Time since last request: 0.000020 seconds.
  path: Assets/Source/ResourcesGame/Textures/Background/BGCoinKeys.png
  artifactKey: Guid(009c54596396bc64b99e9792bcaadc76) Importer(815301076,1909f56bfc062723c751e8b465ee728b)
Start importing Assets/Source/ResourcesGame/Textures/Background/BGCoinKeys.png using Guid(009c54596396bc64b99e9792bcaadc76) Importer(815301076,1909f56bfc062723c751e8b465ee728b)  -> (artifact id: 'b60b949bde9379518ed9c8b51c9a90bc') in 0.021549 seconds 
========================================================================
Received Import Request.
  Time since last request: 0.039591 seconds.
  path: Assets/Source/ResourcesGame/Textures/Background/BGCrackGlass.png
  artifactKey: Guid(f61ef8004459bdc48940e656aad0d88b) Importer(815301076,1909f56bfc062723c751e8b465ee728b)
Start importing Assets/Source/ResourcesGame/Textures/Background/BGCrackGlass.png using Guid(f61ef8004459bdc48940e656aad0d88b) Importer(815301076,1909f56bfc062723c751e8b465ee728b)  -> (artifact id: '88db6b3e929af037052c09e9e747f030') in 0.039917 seconds 
========================================================================
Received Import Request.
  Time since last request: 0.073597 seconds.
  path: Assets/Source/ResourcesGame/Textures/Icons/BGIconTopFriend.png
  artifactKey: Guid(529037bb7df12004ea2a3afc93d17dc0) Importer(815301076,1909f56bfc062723c751e8b465ee728b)
Start importing Assets/Source/ResourcesGame/Textures/Icons/BGIconTopFriend.png using Guid(529037bb7df12004ea2a3afc93d17dc0) Importer(815301076,1909f56bfc062723c751e8b465ee728b)  -> (artifact id: '827b80a3b7222c7d7e1e55ec3d2437e0') in 0.019032 seconds 
========================================================================
Received Import Request.
  Time since last request: 0.054127 seconds.
  path: Assets/Source/ResourcesGame/Textures/Background/BGItem.png
  artifactKey: Guid(19d674f613a998548901c093b88b09ec) Importer(815301076,1909f56bfc062723c751e8b465ee728b)
Start importing Assets/Source/ResourcesGame/Textures/Background/BGItem.png using Guid(19d674f613a998548901c093b88b09ec) Importer(815301076,1909f56bfc062723c751e8b465ee728b)  -> (artifact id: '38890410020b15ea68f1b3b806453070') in 0.023358 seconds 
========================================================================
Received Import Request.
  Time since last request: 23.326013 seconds.
  path: Assets/Source/ResourcesGame/Textures/FlagCountrys/FlagEnglish.png
  artifactKey: Guid(a6a904a20d4da724e87674d65e051254) Importer(815301076,1909f56bfc062723c751e8b465ee728b)
Start importing Assets/Source/ResourcesGame/Textures/FlagCountrys/FlagEnglish.png using Guid(a6a904a20d4da724e87674d65e051254) Importer(815301076,1909f56bfc062723c751e8b465ee728b)  -> (artifact id: '37396e04b918b3914819ac2948f9d9b9') in 0.043977 seconds 
========================================================================
Received Import Request.
  Time since last request: 0.174262 seconds.
  path: Assets/Source/ResourcesGame/Textures/FlagCountrys/FlagJapanese.png
  artifactKey: Guid(8210dbcb14b720e4883731c9cd3258f3) Importer(815301076,1909f56bfc062723c751e8b465ee728b)
Start importing Assets/Source/ResourcesGame/Textures/FlagCountrys/FlagJapanese.png using Guid(8210dbcb14b720e4883731c9cd3258f3) Importer(815301076,1909f56bfc062723c751e8b465ee728b)  -> (artifact id: '45003029b538e3c49c6e63ffccb15724') in 0.018448 seconds 
========================================================================
Received Import Request.
  Time since last request: 0.226599 seconds.
  path: Assets/Source/ResourcesGame/Textures/Background/FlareLine.png
  artifactKey: Guid(41d5c6df6c2dd9842aaf6284ce9b9b67) Importer(815301076,1909f56bfc062723c751e8b465ee728b)
Start importing Assets/Source/ResourcesGame/Textures/Background/FlareLine.png using Guid(41d5c6df6c2dd9842aaf6284ce9b9b67) Importer(815301076,1909f56bfc062723c751e8b465ee728b)  -> (artifact id: '288bc2280b91d64bb90bef7021ce8953') in 0.026616 seconds 
========================================================================
Received Import Request.
  Time since last request: 0.022251 seconds.
  path: Assets/Source/ResourcesGame/Textures/Icons/IconLoading/Icon02.Png
  artifactKey: Guid(6d027931f4e65f444ac863981eddbb74) Importer(815301076,1909f56bfc062723c751e8b465ee728b)
Start importing Assets/Source/ResourcesGame/Textures/Icons/IconLoading/Icon02.Png using Guid(6d027931f4e65f444ac863981eddbb74) Importer(815301076,1909f56bfc062723c751e8b465ee728b)  -> (artifact id: '5838ff3a7b16993bc965ba4623403999') in 0.022640 seconds 
========================================================================
Received Import Request.
  Time since last request: 0.000021 seconds.
  path: Assets/Source/ResourcesGame/Textures/Icons/IconLoading/Icon05.Png
  artifactKey: Guid(ca4b0d9543b562440b949558770d73cf) Importer(815301076,1909f56bfc062723c751e8b465ee728b)
Start importing Assets/Source/ResourcesGame/Textures/Icons/IconLoading/Icon05.Png using Guid(ca4b0d9543b562440b949558770d73cf) Importer(815301076,1909f56bfc062723c751e8b465ee728b)  -> (artifact id: '5cf30b75bd83286649db3e6a67ad14f2') in 0.021072 seconds 
========================================================================
Received Import Request.
  Time since last request: 1.529534 seconds.
  path: Assets/Source/ResourcesGame/Textures/Icons/IconLoading/Icon10.Png
  artifactKey: Guid(5734e9d78686d2c4e95d71ed1d1b7ce5) Importer(815301076,1909f56bfc062723c751e8b465ee728b)
Start importing Assets/Source/ResourcesGame/Textures/Icons/IconLoading/Icon10.Png using Guid(5734e9d78686d2c4e95d71ed1d1b7ce5) Importer(815301076,1909f56bfc062723c751e8b465ee728b)  -> (artifact id: '93914ce55ef66954741e79201882e2fc') in 0.018494 seconds 
========================================================================
Received Import Request.
  Time since last request: 0.261854 seconds.
  path: Assets/Source/ResourcesGame/Textures/Icons/IconLoading/Icon16.Png
  artifactKey: Guid(121b26f1d9cffab4080f42d47b2021aa) Importer(815301076,1909f56bfc062723c751e8b465ee728b)
Start importing Assets/Source/ResourcesGame/Textures/Icons/IconLoading/Icon16.Png using Guid(121b26f1d9cffab4080f42d47b2021aa) Importer(815301076,1909f56bfc062723c751e8b465ee728b)  -> (artifact id: '76d5b1dce66d8f0d4f7727e6f10746ff') in 0.018285 seconds 
========================================================================
Received Import Request.
  Time since last request: 0.272861 seconds.
  path: Assets/Source/ResourcesGame/Textures/Icons/IconBonusStela.png
  artifactKey: Guid(31bd9879ff469b74eb23ad2cec6e1064) Importer(815301076,1909f56bfc062723c751e8b465ee728b)
Start importing Assets/Source/ResourcesGame/Textures/Icons/IconBonusStela.png using Guid(31bd9879ff469b74eb23ad2cec6e1064) Importer(815301076,1909f56bfc062723c751e8b465ee728b)  -> (artifact id: 'b8f2a2e702d76038933eaa1c06d4cc74') in 0.020092 seconds 
========================================================================
Received Import Request.
  Time since last request: 0.025213 seconds.
  path: Assets/Source/ResourcesGame/Textures/Icons/IconCoin.png
  artifactKey: Guid(4e01211905fd8784ea3ecb09dc4124e2) Importer(815301076,1909f56bfc062723c751e8b465ee728b)
Start importing Assets/Source/ResourcesGame/Textures/Icons/IconCoin.png using Guid(4e01211905fd8784ea3ecb09dc4124e2) Importer(815301076,1909f56bfc062723c751e8b465ee728b)  -> (artifact id: '82072e40f8a85cbca967a1e632613bc9') in 0.018872 seconds 
========================================================================
Received Import Request.
  Time since last request: 1.244494 seconds.
  path: Assets/Source/ResourcesGame/Textures/Icons/IconJetpack.png
  artifactKey: Guid(e873bf9fcf0d8254281eaa1b371a553f) Importer(815301076,1909f56bfc062723c751e8b465ee728b)
Start importing Assets/Source/ResourcesGame/Textures/Icons/IconJetpack.png using Guid(e873bf9fcf0d8254281eaa1b371a553f) Importer(815301076,1909f56bfc062723c751e8b465ee728b)  -> (artifact id: 'aac8513600dd733e3322045c07b2eb04') in 0.018637 seconds 
========================================================================
Received Import Request.
  Time since last request: 3.264065 seconds.
  path: Assets/Source/ResourcesGame/Textures/Background/ProLoadBG.png
  artifactKey: Guid(98785eeb83f70c040a5160ddb984f4a3) Importer(815301076,1909f56bfc062723c751e8b465ee728b)
Start importing Assets/Source/ResourcesGame/Textures/Background/ProLoadBG.png using Guid(98785eeb83f70c040a5160ddb984f4a3) Importer(815301076,1909f56bfc062723c751e8b465ee728b)  -> (artifact id: '3a07b7f203fb1ccf043baee2baa603ce') in 0.023580 seconds 
========================================================================
Received Import Request.
  Time since last request: 0.031962 seconds.
  path: Assets/Source/ResourcesGame/Textures/Icons/SkillScoreBooster.png
  artifactKey: Guid(04c94d315662f3d4b9dd873c20ff21d5) Importer(815301076,1909f56bfc062723c751e8b465ee728b)
Start importing Assets/Source/ResourcesGame/Textures/Icons/SkillScoreBooster.png using Guid(04c94d315662f3d4b9dd873c20ff21d5) Importer(815301076,1909f56bfc062723c751e8b465ee728b)  -> (artifact id: 'f56461d4a775b0209bfa64acc687a2e3') in 0.018172 seconds 
Editor requested this worker to shutdown with reason: Scaling down because of idle timeout
AssetImportWorker is now disconnected from the server
Process exiting
Exiting without the bug reporter. Application will terminate with return code 0